<?xml version="1.0" encoding="UTF-8"?>
<!-- Generated by org.testng.reporters.JUnitReportReporter -->
<testsuite hostname="DESKTOP-BTQORJ3" failures="0" tests="3" name="RSEcommerceSelenium.tests.submitOrderTest" time="93.037" errors="0" timestamp="2024-02-28T13:36:02 EST" skipped="0">
  <testcase classname="RSEcommerceSelenium.tests.submitOrderTest" name="submitOrders" time="42.822"/>
  <system-out/>
  <testcase classname="RSEcommerceSelenium.tests.submitOrderTest" name="submitOrders" time="41.816"/>
  <system-out/>
  <testcase classname="RSEcommerceSelenium.tests.submitOrderTest" name="orderHistoryTest" time="8.399"/>
  <system-out/>
</testsuite> <!-- RSEcommerceSelenium.tests.submitOrderTest -->
