<?xml version="1.0" encoding="UTF-8"?>
<!-- Generated by org.testng.reporters.JUnitReportReporter -->
<testsuite hostname="DESKTOP-BTQORJ3" failures="0" tests="1" name="RSEcommerceSelenium.tests.ErrorValidations" time="41.853" errors="0" timestamp="2024-02-28T13:41:16 EST" skipped="0">
  <testcase classname="RSEcommerceSelenium.tests.ErrorValidations" name="productValidations" time="41.853"/>
  <system-out/>
</testsuite> <!-- RSEcommerceSelenium.tests.ErrorValidations -->
