<?xml version="1.0" encoding="UTF-8"?>
<!-- Generated by org.testng.reporters.JUnitReportReporter -->
<testsuite hostname="DESKTOP-BTQORJ3" failures="0" tests="3" name="RSEcommerceSelenium.tests.submitOrderTest" time="98.212" errors="0" timestamp="2023-09-30T15:38:56 EDT" skipped="0">
  <testcase classname="RSEcommerceSelenium.tests.submitOrderTest" name="orderHistoryTest" time="7.222"/>
  <system-out/>
  <testcase classname="RSEcommerceSelenium.tests.submitOrderTest" name="submitOrders" time="47.298"/>
  <system-out/>
  <testcase classname="RSEcommerceSelenium.tests.submitOrderTest" name="submitOrders" time="43.692"/>
  <system-out/>
</testsuite> <!-- RSEcommerceSelenium.tests.submitOrderTest -->
